1/14/2016 9:33:44 PM: ^5EC^0™ ^7Kriss (kristofferandersen) Disconnected
1/14/2016 9:35:20 PM: ^5EC^0™ ^7Kriss (kristofferandersen) Disconnected
1/14/2016 9:40:01 PM: ^5EC^0™ ^7Kriss (kristofferandersen) Disconnected
1/14/2016 9:46:21 PM: ^1WS ^7• No_Right (oibatha) Disconnected
1/14/2016 9:51:12 PM: ^0NF^1Productions © (NFP) Disconnected
1/14/2016 9:53:57 PM: ^5EC^0™ ^7Kriss (kristofferandersen) Disconnected
1/14/2016 10:00:39 PM: ^7n^0α^7k^0ε^7x^6ぜ (nakex) Disconnected
1/14/2016 10:13:55 PM: ^7Polak^1DRIFTER (polakdrift) Disconnected
1/14/2016 10:21:14 PM: ^7Itachi^1?^7? (Yondaimez) Disconnected
1/14/2016 10:21:22 PM: ^4impactBlue^7™ DanTa¢• (Bass-Driver) Disconnected
1/14/2016 10:30:23 PM: ^0NF^1Productions © (NFP) Disconnected
1/14/2016 10:46:42 PM: ^7n^0α^7k^0ε^7x^6ぜ (nakex) Disconnected
1/14/2016 10:58:42 PM: ^7n^0α^7k^0ε^7x^6ぜ (nakex) Disconnected
1/14/2016 11:09:49 PM: ^4impactBlue^7™ DanTa¢• (Bass-Driver) Disconnected
1/14/2016 11:09:53 PM: ^0NF^1Productions © (NFP) Disconnected
1/15/2016 12:00:52 AM: ^7Itachi^1?^7? (Yondaimez) Disconnected
1/15/2016 8:49:02 AM: ^5EC^0™ ^7Kriss (kristofferandersen) Disconnected
1/15/2016 11:50:14 AM: ^1WS ^7• Kriss (kristofferandersen) Disconnected
1/15/2016 4:25:23 PM: ^7n^0α^7k^0ε^7x^6ぜ (nakex) Disconnected
1/15/2016 4:55:02 PM: ^4impactBlue^7™ DanTa¢• (Bass-Driver) Disconnected
1/15/2016 5:01:59 PM: Lalim CZ (mata44) Disconnected
1/15/2016 5:15:54 PM: ^4impactBlue^7™ DanTa¢• (Bass-Driver) Disconnected
1/15/2016 5:21:46 PM: ^5EC^0™ ^7Kriss (kristofferandersen) Disconnected
1/15/2016 5:27:35 PM: m5 (noramolli) Disconnected
1/15/2016 8:10:31 PM: ^5EC^0™ ^7Kriss (kristofferandersen) Disconnected
1/15/2016 10:58:29 PM: ^7Kriss (kristofferandersen) Disconnected
1/15/2016 11:16:28 PM: ^0NF^1Productions © (NFP) Disconnected
1/15/2016 11:28:51 PM: ^7Kriss (kristofferandersen) Disconnected
1/15/2016 11:38:54 PM: ^7Kriss (kristofferandersen) Disconnected
1/15/2016 11:50:10 PM: ^7Kriss (kristofferandersen) Disconnected
1/16/2016 3:09:10 AM: BOSSS_MASTERRR (BOSSS_MASTERRR) Disconnected
1/16/2016 3:09:19 AM: BOSSS_MASTERRR (BOSSS_MASTERRR) Disconnected
1/16/2016 3:09:29 AM: BOSSS_MASTERRR (BOSSS_MASTERRR) Disconnected
1/16/2016 3:42:57 AM: ^1JOR^3DAN^41^00^18 (used103) Disconnected
1/16/2016 4:39:53 AM: ^7Kriss (kristofferandersen) Disconnected
1/16/2016 4:45:04 AM: ^7Itachi^1?^7? (Yondaimez) Disconnected
1/16/2016 5:34:49 PM: ^7Kriss (kristofferandersen) Disconnected
1/16/2016 5:34:49 PM: host () Disconnected
1/16/2016 5:59:43 PM: ^7Kriss (kristofferandersen) Disconnected
1/16/2016 6:28:23 PM: ^7Kriss (kristofferandersen) Disconnected
1/16/2016 6:45:43 PM: ^1C^4^h^3ing (kristofferandersen) Disconnected
1/16/2016 6:49:56 PM: ^1C^4^h^3ing ^7kris (kristofferandersen) Disconnected
1/16/2016 7:35:50 PM: ^1C^4^h^3ing ^7kris (kristofferandersen) Disconnected
1/16/2016 8:58:36 PM: ^4impactBlue^7™ DanTa¢• (Bass-Driver) Disconnected
1/16/2016 9:01:10 PM: ^1C^4^h^3ing ^7kris (kristofferandersen) Disconnected
1/16/2016 9:06:14 PM: ^1C^4^h^3ing ^7kris (kristofferandersen) Disconnected
1/16/2016 9:40:26 PM: ^4impactBlue^7™ DanTa¢• (Bass-Driver) Disconnected
1/16/2016 10:23:31 PM: ^1C^4^h^3ing ^7kris (kristofferandersen) Disconnected
1/16/2016 10:25:50 PM: ^4impactBlue^7™ DanTa¢• (Bass-Driver) Disconnected
1/17/2016 12:43:10 AM: ^1C^4^h^3ing ^7kris (kristofferandersen) Disconnected
1/17/2016 12:49:17 AM: ^1C^4^h^3ing ^7kris (kristofferandersen) Disconnected
1/17/2016 1:14:21 AM: ^1C^4^h^3ing ^7kris (kristofferandersen) Disconnected
1/17/2016 1:17:34 AM: ^1C^4^h^3ing ^7kris (kristofferandersen) Disconnected
1/17/2016 1:19:24 AM: ^1C^4^h^3ing ^7kris (kristofferandersen) Disconnected
1/17/2016 1:54:33 AM: ^1C^4^h^3ing ^7kris (kristofferandersen) Disconnected
1/17/2016 1:55:53 AM: ^1C^4^h^3ing ^7kris (kristofferandersen) Disconnected
1/17/2016 4:30:13 AM: ^7Kriss (kristofferandersen) Disconnected
5/23/2016 10:49:24 PM: ^7Speedyman11 (Speedyman11) Disconnected
5/23/2016 10:50:50 PM: ^7Kriss ^1N^7O^4R (kristofferandersen) Disconnected
5/23/2016 10:53:06 PM: ^7Dave0 (wildfire083) Disconnected
5/23/2016 11:01:25 PM: ^7Dave0 (wildfire083) Disconnected
5/23/2016 11:07:53 PM: ^7Kriss ^1N^7O^4R (kristofferandersen) Disconnected
5/23/2016 11:15:27 PM: ^7FATALERROR (gt500_supersnake) Disconnected
5/23/2016 11:21:55 PM: ^2[F&F]^7TROY (Prakumba) Disconnected
5/23/2016 11:22:56 PM: ^6O^1d^7wer (oibatha) Disconnected
5/23/2016 11:27:55 PM: MARIO (sbn321) Disconnected
5/24/2016 12:34:45 AM: ^7TPx9^6° (tpx) Disconnected
5/24/2016 12:34:45 AM: ^7Kriss ^1N^7O^4R (kristofferandersen) Disconnected
5/24/2016 12:34:45 AM: ^7JokR^6‘, (VTiRacing) Disconnected
5/24/2016 9:48:17 AM: thomas (lovehandle) Disconnected
5/24/2016 1:13:47 PM: ^7Kriss ^1N^7O^4R (kristofferandersen) Disconnected
5/24/2016 3:44:36 PM: ^7JokR^6‘, (VTiRacing) Disconnected
5/24/2016 4:21:46 PM: ^7JokR^6‘, (VTiRacing) Disconnected
5/24/2016 4:23:48 PM: ^7Kriss ^1N^7O^4R (kristofferandersen) Disconnected
5/24/2016 5:08:03 PM: ^1Shadow^4Wolf^0™ (El Cairo) Disconnected
5/24/2016 5:59:21 PM: thomas (lovehandle) Disconnected
5/24/2016 7:09:25 PM: ^6O^1d^7wer (oibatha) Disconnected
5/24/2016 8:16:55 PM: ^7Kriss ^1N^7O^4R (kristofferandersen) Disconnected
5/24/2016 8:44:56 PM: Peder (Pederola) Disconnected
5/24/2016 10:44:05 PM: ^7Kriss ^1N^7O^4R (kristofferandersen) Disconnected
5/25/2016 5:16:42 AM: yuki (yukie) Disconnected
5/25/2016 9:41:14 AM: ^4/^7/^1/^0.^9BOB^0. (Motard70) Disconnected
5/25/2016 10:52:14 AM: Ericsson (robin e) Disconnected
5/25/2016 10:55:16 AM: ^7Kriss ^1N^7O^4R (kristofferandersen) Disconnected
5/25/2016 11:32:27 AM: ^1F^6ALKEN^7_C.JOE (calvinjoe) Disconnected
5/25/2016 11:40:44 AM: kisK (koxi94) Disconnected
5/25/2016 1:20:40 PM: ^7JokR^6‘, (VTiRacing) Disconnected
5/25/2016 1:38:20 PM: Leon UK (KinqAbuzze) Disconnected
5/25/2016 1:41:43 PM: eowli (eowli) Disconnected
5/25/2016 3:24:30 PM: ^6O^1d^7wer (oibatha) Disconnected
5/25/2016 3:41:21 PM: ^7Kriss ^1N^7О^4R (oibatha) Disconnected
5/25/2016 3:44:44 PM: ^7JokR^6‘, (VTiRacing) Disconnected
5/25/2016 3:45:51 PM: ^1B^3asic ^1T^3rainee (kamogawa kamo) Disconnected
5/25/2016 4:26:16 PM: ^7Kriss ^1N^7O^4R (kristofferandersen) Disconnected
5/25/2016 4:34:37 PM: ^1DέMøη^7Shακε (koniyoto) Disconnected
5/25/2016 5:06:58 PM: 19ecureuils (19écureuils) Disconnected
5/25/2016 5:23:00 PM: ^7Kriss ^1N^7O^4R (kristofferandersen) Disconnected
5/25/2016 5:27:47 PM: Sun^4Day^1Drifter (Mursumies) Disconnected
5/25/2016 5:43:09 PM: ^7Kriss ^1N^7O^4R (kristofferandersen) Disconnected
5/25/2016 5:49:21 PM: ^7Gen^1R ^7mitz (DMT) Disconnected
5/25/2016 6:51:26 PM: ^7[^5JDMG^7] Popn (Popnlochnessmonster) Disconnected
5/25/2016 7:00:02 PM: ^7[^5JDMG^7] Popn (Popnlochnessmonster) Disconnected
5/25/2016 7:09:13 PM: ^7[^5JDMG^7] Popn (Popnlochnessmonster) Disconnected
5/25/2016 7:40:01 PM: ^7[^5JDMG^7] Popn (Popnlochnessmonster) Disconnected
5/25/2016 8:38:15 PM: ^7BIS^1R^7-Nikey (nikecyyy) Disconnected
5/25/2016 9:08:03 PM: ^7TPx9^6° (tpx) Disconnected
5/25/2016 9:08:13 PM: ^7TPx9^6° (tpx) Disconnected
5/25/2016 9:15:12 PM: ^7TPx9^6° (tpx) Disconnected
5/25/2016 9:22:00 PM: ^0[^1DS^0] ^7POJO (Don Jortikka) Disconnected
5/25/2016 9:43:16 PM: ^6D^1e^7mon (1Demon1) Disconnected
5/25/2016 9:43:20 PM: ^6D^1e^7mon (1Demon1) Disconnected
5/25/2016 9:45:02 PM: ^6D^1e^7mon (1Demon1) Disconnected
5/25/2016 10:00:18 PM: berggren (berggren) Disconnected
5/25/2016 10:08:31 PM: ^7TPx9^6° (tpx) Disconnected
5/25/2016 10:09:12 PM: ^7Kriss ^1N^7O^4R (kristofferandersen) Disconnected
5/25/2016 11:11:15 PM: qNg1337 (Hvemerdu5) Disconnected
5/25/2016 11:11:17 PM: SuperLano (SuperLano) Disconnected
5/25/2016 11:41:46 PM: qNg1337 (Hvemerdu5) Disconnected
5/26/2016 12:16:41 AM: Hvemerdu5 (Hvemerdu5) Disconnected
5/26/2016 12:16:50 AM: Hvemerdu5 (Hvemerdu5) Disconnected
5/26/2016 12:44:10 AM: ^7[^5JDMG^7] Popn (Popnlochnessmonster) Disconnected
5/26/2016 12:58:04 AM:  ^7.ΣχΣ (oibatha) Disconnected
5/26/2016 1:44:39 AM: ^6D^1e^7mon (1Demon1) Disconnected
5/26/2016 1:48:28 AM: Hvemerdu5 (Hvemerdu5) Disconnected
5/26/2016 1:48:37 AM: Hvemerdu5 (Hvemerdu5) Disconnected
5/26/2016 3:05:31 AM: Javier Castro (genesis coupe) Disconnected
5/26/2016 3:07:46 AM: Mugul (ikskast2) Disconnected
5/26/2016 3:33:03 AM: ^1NRB ^790 Linger S. (yurikw) Disconnected
5/26/2016 3:44:49 AM: ^1[TRA] ^7Krui23 (kruise) Disconnected
5/26/2016 6:59:34 AM: TheOkaySlider (S13LoveAffair) Disconnected
5/26/2016 7:15:35 AM: sideshowjoe™ (sideshowjoe) Disconnected
5/26/2016 7:18:26 AM: Doha123 (DOHA123) Disconnected
5/26/2016 7:22:38 AM: ^7Kriss ^1N^7O^4R (kristofferandersen) Disconnected
5/26/2016 7:25:57 AM: 0jonttu0 (lolz2) Disconnected
5/26/2016 7:26:19 AM: 0jonttu0 (lolz2) Disconnected
5/26/2016 7:34:25 AM: ^7TPx9^6° (tpx) Disconnected
5/26/2016 11:50:59 AM: ^1DέMøη^7Shακε (koniyoto) Disconnected
5/26/2016 12:48:38 PM: SMOKIN BILLY (RUSSIANE HUSKIE) Disconnected
5/26/2016 2:02:30 PM: ^6lewis hamilton (harjoittelija) Disconnected
5/26/2016 2:33:07 PM: ^7Andreev {B^2U^1L^7} (valiugera) Disconnected
5/26/2016 2:41:30 PM: ThEE FrEaK (thee freak) Disconnected
5/26/2016 3:13:14 PM: ^7TPx9^6° (tpx) Disconnected
5/26/2016 3:44:57 PM: ^7TPx9^6° (tpx) Disconnected
5/26/2016 4:14:25 PM: ^7TPx9^6° (tpx) Disconnected
5/26/2016 4:15:43 PM: ^7JokR^6‘, (VTiRacing) Disconnected
5/26/2016 4:33:59 PM: ^7JokR^6‘, (VTiRacing) Disconnected
5/26/2016 4:34:05 PM: ^7JokR^6‘, (VTiRacing) Disconnected
5/26/2016 4:40:48 PM: ^7JokR^6‘, (VTiRacing) Disconnected
5/26/2016 5:14:00 PM: LEDENTJO (LEDENTJO) Disconnected
5/26/2016 5:32:32 PM: ^2HeckTriXer^0•^7Sino (vodarikos) Disconnected
5/26/2016 5:41:22 PM: 740 volvo glt (kal-le) Disconnected
5/26/2016 5:46:42 PM: ^7Naurix^0.^7SC (Mezh) Disconnected
5/26/2016 6:06:29 PM: ^7Kriss ^1N^7O^4R (kristofferandersen) Disconnected
5/26/2016 6:54:24 PM: ^7TPx9^6° (tpx) Disconnected
5/26/2016 7:04:26 PM: ^7JokR^6‘, (VTiRacing) Disconnected
5/26/2016 7:57:02 PM: ^6D^1e^7mon (1Demon1) Disconnected
5/26/2016 8:15:19 PM:  ^7.ΣχΣ (oibatha) Disconnected
5/27/2016 3:45:08 PM: Noel Carrera Faro (Noel Carrera Faro) Disconnected
5/27/2016 4:35:00 PM: ^0ELLIS ^4^h823 (Ellis82) Disconnected
5/27/2016 4:36:06 PM: ^7TPx9^6° (tpx) Disconnected
5/27/2016 4:36:09 PM: ^1V^7T^1i R^7a^1ci^7ng (VTiRacing) Disconnected
5/27/2016 4:39:47 PM: ^1V^7T^1i R^7a^1ci^7ng (VTiRacing) Disconnected
5/27/2016 4:41:53 PM: ^7TPx9^6° (tpx) Disconnected
5/27/2016 4:45:18 PM: ^1V^7T^1i R^7a^1ci^7ng (VTiRacing) Disconnected
